<page>
	<title>Batman: Arkham City (comic book)</title>
	<id>32945119</id>
	<redirect />
	<revision>
		<id>447876313</id>
		<timestamp>2011-09-01T16:04:46Z</timestamp>
		<contributor>
			<username>Emperor</username>
			<id>8625</id>
		</contributor>
		<comment>moved [[Batman: Arkham City (comic book)]] to [[Batman:
			Arkham City (comics)]]: [[WP:NCC]]</comment>
		<text xml:space="preserve">#REDIRECT [[Batman: Arkham City (comics)]]</text>
	</revision>
</page>