  <page>
    <title>Vietnam Veterans</title>
    <id>25754806</id>
    <revision>
      <id>401490563</id>
      <timestamp>2010-12-09T19:09:30Z</timestamp>
      <contributor>
        <username>Pjoef</username>
        <id>3804503</id>
      </contributor>
      <minor />
      <comment>me</comment>
      <text xml:space="preserve">'''Vietnam Veterans''' may refer to:

*[[The Vietnam Veterans]], a French psychedelic musical group
*[[Vietnam veteran]], a phrase used to describe someone who served in the armed forces of participating countries during the Vietnam War

{{disambig}}</text>
    </revision>
  </page>
