  <page>
    <title>Alien</title>
    <id>579</id>
    <revision>
      <id>446514328</id>
      <timestamp>2011-08-24T17:10:09Z</timestamp>
      <contributor>
        <username>Bkonrad</username>
        <id>44062</id>
      </contributor>
      <minor />
      <comment>tidy</comment>
      <text xml:space="preserve">{{wiktionary|alien|aliens}}

'''Alien''' or '''Aliens''' may refer to:
* [[Alien (law)]], a non-citizen inhabitant of a country
* [[Extraterrestrial life]], defined as life that does not originate from Earth
* [[List of alleged alien beings]] (ufology)
* Any [[introduced species]], a species living outside its native distributional range

== Fiction ==
=== Film ===
* [[Alien (film)|''Alien'' (film)]], 1979 film directed by Ridley Scott
** [[Aliens (film)|''Aliens'' (film)]], 1986 sequel directed by James Cameron
** [[Alien (creature in Alien franchise)]], the titular creatures of the franchise
** [[Alien (franchise)|''Alien'' (franchise)]], the science fiction horror film franchise
* ''[[The Alien]]'', an incomplete 1967 Satyajit Ray film

=== Other fictional works ===
* [[Aliens (1902 novel)|''Aliens'' (1902 novel)]], by Mary Tappan Wright
* [[Aliens (novel series)|''Aliens'' (novel series)]], based on the ''Alien'' franchise characters
* [[Aliens (comic book)|''Aliens'' (comic book)]], series based on the ''Alien'' franchise characters
* [[Extraterrestrials in fiction]]
* [[List of Alien and Predator games]], based on the ''Alien'' and ''Predator'' franchises

== Music ==
* [[Alien (album)|''Alien'' (album)]], by Strapping Young Lad
* [[Alien (band)]], Swedish rock band
* [[The Aliens]], Scottish rock band
* [[The Aliens (Australian band)]], a 1970s new wave band from Australia
* &quot;Alien&quot;, song by Tokio Hotel from the album [[Humanoid (album)|''Humanoid'']]
* &quot;Alien&quot;, song by Pennywise from the album [[Straight Ahead (Pennywise album)|''Straight Ahead'']]
* &quot;Alien&quot;, song by Erasure from the album ''[[Loveboat]]''
* &quot;Alien&quot;, song by Lamb from the album ''[[Fear of Fours]]''
*&quot;Alien&quot;, song by Bush from the album &quot;[[Sixteen Stone ]]&quot;

== Technology ==
* [[Alien (software)]], a computer program
* [[Alien Technology]], manufacturer of RFID technology
* [[AliEn (ALICE Environment)]], lightweight Grid framework developed by CERN
* [[Alienware]], a division of Dell

== Other ==
* ''Aliens'', the newsletter of the [[Invasive Species Specialist Group]] of the International Union for Conservation of Nature
* [[Alien (ship owner)]], company in Saint Petersburg, Russia
* [[Alien (signifier)]], term used in literature and criticism
* [[Alien Sun]] (born 1974), Singapore-born actress and Miss Singapore of 1994
* ''Alien'', a line of perfumes by [[Thierry Mugler#Fragrances|Thierry Mugler]]

== See also ==
* {{Lookfrom|Alien}}
* {{Intitle|Alien}}
* [[Alians (band)]], Polish rock band
* ''[[ATLiens]]'', 1996 album by OutKast

{{disambig}}

[[cs:Alien]]
[[de:Alien]]
[[es:Alien]]
[[fr:Alien]]
[[ko:에일리언]]
[[id:Alien]]
[[it:Alieno]]
[[lv:Citplanētieši]]
[[nl:Alien]]
[[ja:エイリアン]]
[[pl:Alien]]
[[ru:Чужой]]
[[simple:Alien]]
[[fi:Alien]]
[[th:เอเลียน (แก้ความกำกวม)]]
[[tr:Alien]]</text>
    </revision>
  </page>