  <page>
    <title>Islamism</title>
    <id>15012</id>
    <revision>
      <id>463546494</id>
      <timestamp>2011-12-01T19:41:05Z</timestamp>
      <contributor>
        <username>Topbanana</username>
        <id>20151</id>
      </contributor>
      <minor />
      <comment>Link repair:  Hokumat-e Islami: Velayat-e faqih (book by Khomeini) -&gt; Hokumat-e Islami : Velayat-e faqih (book by Khomeini)  - [[w:en:WP:RLR|You can help!]]</comment>
      <text xml:space="preserve">{{About|the political Islamic movement|the religion of Islam|Islam|scholarship on Islam|Islamic studies}}
{{Islamism sidebar}}

{{Islam-start}}

'''Islamism''' ([[Islamist]]+''[[-ism]]''; [[Arabic langua</text>
    </revision>
  </page>
