<page>
	<title>File:Blacks browns purple yellow and a.jpg</title>
	<id>32945111</id>
	<revision>
		<id>447876145</id>
		<timestamp>2011-09-01T16:03:32Z</timestamp>
		<contributor>
			<username>Monkagain</username>
			<id>15209593</id>
		</contributor>
		<comment>~~~~</comment>
		<text xml:space="preserve">== Summary ==
hermitmonk 16:03, 1 September 2011 (UTC)

== Licensing ==
{{self|cc-by-sa-3.0|GFDL|migration=redundant}}</text>
	</revision>
</page>
 