<page>
	<title>Template:Did you know nominations/Tetrabiblos</title>
	<id>32945110</id>
	<revision>
		<id>447876111</id>
		<timestamp>2011-09-01T16:03:19Z</timestamp>
		<contributor>
			<username>Ihcoyc</username>
			<id>7513</id>
		</contributor>
		<comment>[[WP:AES|‚Üê]]Created page with '{{subst:NewDYKnomination |
			article = Tetrabiblos | article2 = | hook = ... that [[Ptolemy]]'s
			'''''[[Tetrabiblos]]''''', a [[2nd centu...'</comment>
		<text xml:space="preserve">{{DYKsubpage
|monthyear=September 2011
|passed=&lt;!--When closing discussion, enter yes or no--&gt;
|2=
====Tetrabiblos====
{{DYK nompage links|nompage=Tetrabiblos|Tetrabiblos}}
&lt;!--  

                   Please do not edit above this line unless you are a DYK volunteer who is closing the discussion.

--&gt;
{{*mp}}... that [[Ptolemy]]'s '''''[[Tetrabiblos]]''''', a [[2nd century]] [[astrology]] book, is still considered a basic text in [[Western astrology]]?
&lt;!--
--&gt;
&lt;small&gt;Created/expanded  by [[User:Ihcoyc|Ihcoyc]] ([[User talk:Ihcoyc|talk]]).  Self nom at 16:03, 1 September 2011 (UTC)&lt;/small&gt;
&lt;!--
*{{DYKmake|Tetrabiblos|Ihcoyc}}
--&gt;
:*&lt;!--Make first comment here--&gt;

}}&lt;!--Please do not write below this line or remove this line. Place comments above this line.--&gt;</text>
	</revision>
</page>
 